02/03/2018 08:24:51 PM - Ingresando punto (latitud, longitud) del dispositivo [1]: (18.58088068573059,-94.66033933440853)
02/03/2018 08:24:51 PM - Intentando conectarse con el Servidor [192.168.74.86:5555]
02/03/2018 08:24:51 PM - Error al Conectar
02/03/2018 08:26:12 PM - Ingresando punto (latitud, longitud) del dispositivo [1]: (18.221481696692514,-93.78771626104381)
02/03/2018 08:26:12 PM - Intentando conectarse con el Servidor [localhost:5555]
02/03/2018 08:26:12 PM - Se ha establecido comunicacion con el Servidor
02/03/2018 08:27:15 PM - Error al Conectar
02/03/2018 08:28:48 PM - Ingresando punto (latitud, longitud) del dispositivo [1]: (19.446165669823152,-92.95037189285978)
02/03/2018 08:28:48 PM - Intentando conectarse con el Servidor [localhost:5555]
02/03/2018 08:28:48 PM - Se ha establecido comunicacion con el Servidor
02/03/2018 08:33:21 PM - Ingresando punto (latitud, longitud) del dispositivo [1]: (19.954628617188927,-92.52833203955232)
02/03/2018 08:33:21 PM - Intentando conectarse con el Servidor [localhost:5555]
02/03/2018 08:33:21 PM - Se ha establecido comunicacion con el Servidor
02/03/2018 08:35:27 PM - Ingresando punto (latitud, longitud) del dispositivo [1]: (19.73225226843073,-93.79529516788855)
02/03/2018 08:35:27 PM - Intentando conectarse con el Servidor [localhost:5555]
02/03/2018 08:35:27 PM - Se ha establecido comunicacion con el Servidor
02/03/2018 08:36:18 PM - Error al Conectar
02/03/2018 08:37:05 PM - Ingresando punto (latitud, longitud) del dispositivo [1]: (19.38797032516897,-93.3544881173928)
02/03/2018 08:37:05 PM - Intentando conectarse con el Servidor [localhost:5555]
02/03/2018 08:37:05 PM - Se ha establecido comunicacion con el Servidor
02/03/2018 08:37:05 PM - Punto Ingresado (latitud, longitud) del dispositivo [1]: (19.38797032516897,-93.3544881173928)
02/03/2018 08:37:05 PM - Se cerro la comunicaci贸n con el Servidor
02/03/2018 08:37:12 PM - Ingresando punto (latitud, longitud) del dispositivo [1]: (18.13863633814703,-94.42043244837318)
02/03/2018 08:37:12 PM - Intentando conectarse con el Servidor [localhost:5555]
02/03/2018 08:37:12 PM - Se ha establecido comunicacion con el Servidor
02/03/2018 08:37:12 PM - Punto Ingresado (latitud, longitud) del dispositivo [1]: (18.13863633814703,-94.42043244837318)
02/03/2018 08:37:12 PM - Se cerro la comunicaci贸n con el Servidor
02/03/2018 08:37:34 PM - Ingresando punto (latitud, longitud) del dispositivo [1]: (19.725107769413697,-90.49605611577392)
02/03/2018 08:37:34 PM - Intentando conectarse con el Servidor [localhost:5555]
02/03/2018 08:37:34 PM - Se ha establecido comunicacion con el Servidor
02/03/2018 08:37:34 PM - Punto Ingresado (latitud, longitud) del dispositivo [1]: (19.725107769413697,-90.49605611577392)
02/03/2018 08:37:34 PM - Se cerro la comunicaci贸n con el Servidor
02/03/2018 08:37:44 PM - Ingresando punto (latitud, longitud) del dispositivo [1]: (20.544047914854225,-92.47678376461533)
02/03/2018 08:37:44 PM - Intentando conectarse con el Servidor [localhost:5555]
02/03/2018 08:37:44 PM - Se ha establecido comunicacion con el Servidor
02/03/2018 08:37:44 PM - Punto Ingresado (latitud, longitud) del dispositivo [1]: (20.544047914854225,-92.47678376461533)
02/03/2018 08:37:44 PM - Se cerro la comunicaci贸n con el Servidor
